c:\users\mostafa\downloads\compressed\serversocket\debug\serversocket.bsc
c:\users\mostafa\downloads\compressed\serversocket\debug\serversocket.pch
c:\users\mostafa\downloads\compressed\serversocket\debug\vc141.pdb
c:\users\mostafa\downloads\compressed\serversocket\debug\vc141.idb
c:\users\mostafa\downloads\compressed\serversocket\debug\stdafx.sbr
c:\users\mostafa\downloads\compressed\serversocket\debug\stdafx.obj
c:\users\mostafa\downloads\compressed\serversocket\debug\clientsocketdlg.sbr
c:\users\mostafa\downloads\compressed\serversocket\debug\serversocket.sbr
c:\users\mostafa\downloads\compressed\serversocket\debug\serversocketdlg.sbr
c:\users\mostafa\downloads\compressed\serversocket\debug\socketcomm.sbr
c:\users\mostafa\downloads\compressed\serversocket\debug\socketmanager.sbr
c:\users\mostafa\downloads\compressed\serversocket\debug\socketmanager.obj
c:\users\mostafa\downloads\compressed\serversocket\debug\socketcomm.obj
c:\users\mostafa\downloads\compressed\serversocket\debug\serversocketdlg.obj
c:\users\mostafa\downloads\compressed\serversocket\debug\serversocket.obj
c:\users\mostafa\downloads\compressed\serversocket\debug\clientsocketdlg.obj
c:\users\mostafa\downloads\compressed\serversocket\debug\serversocket.ilk
c:\users\mostafa\downloads\compressed\serversocket\debug\serversocket.exe
c:\users\mostafa\downloads\compressed\serversocket\debug\serversocket.pdb
c:\users\mostafa\downloads\compressed\serversocket\debug\serversocket.res
c:\users\mostafa\downloads\compressed\serversocket\.\debug\serversocket.exe
c:\users\mostafa\downloads\compressed\serversocket\debug\serversocket.tlog\bscmake.command.1.tlog
c:\users\mostafa\downloads\compressed\serversocket\debug\serversocket.tlog\bscmake.read.1.tlog
c:\users\mostafa\downloads\compressed\serversocket\debug\serversocket.tlog\bscmake.write.1.tlog
c:\users\mostafa\downloads\compressed\serversocket\debug\serversocket.tlog\cl.command.1.tlog
c:\users\mostafa\downloads\compressed\serversocket\debug\serversocket.tlog\cl.read.1.tlog
c:\users\mostafa\downloads\compressed\serversocket\debug\serversocket.tlog\cl.write.1.tlog
c:\users\mostafa\downloads\compressed\serversocket\debug\serversocket.tlog\link.command.1.tlog
c:\users\mostafa\downloads\compressed\serversocket\debug\serversocket.tlog\link.read.1.tlog
c:\users\mostafa\downloads\compressed\serversocket\debug\serversocket.tlog\link.write.1.tlog
c:\users\mostafa\downloads\compressed\serversocket\debug\serversocket.tlog\rc.command.1.tlog
c:\users\mostafa\downloads\compressed\serversocket\debug\serversocket.tlog\rc.read.1.tlog
c:\users\mostafa\downloads\compressed\serversocket\debug\serversocket.tlog\rc.write.1.tlog
